# JRE version: OpenJDK Runtime Environment (Zulu 8.68.0.21-CA-win64) (8.0_362-b09) (build 1.8.0_362-b09)
# Java VM: OpenJDK 64-Bit Server VM (25.362-b09 mixed mode windows-amd64 compressed oops)
Heap:
 PSYoungGen      total 288768K, used 220875K [0x00000000d5580000, 0x00000000e8200000, 0x0000000100000000)
  eden space 282624K, 76% used [0x00000000d5580000,0x00000000e27725e8,0x00000000e6980000)
  from space 6144K, 95% used [0x00000000e7c00000,0x00000000e81c0a10,0x00000000e8200000)
  to   space 12288K, 0% used [0x00000000e6a00000,0x00000000e6a00000,0x00000000e7600000)
 ParOldGen       total 55296K, used 19737K [0x0000000080000000, 0x0000000083600000, 0x00000000d5580000)
  object space 55296K, 35% used [0x0000000080000000,0x0000000081346640,0x0000000083600000)
 Metaspace       used 33320K, capacity 34528K, committed 34688K, reserved 1079296K
  class space    used 3880K, capacity 4197K, committed 4224K, reserved 1048576K
GC Heap History (10 events):
Event: 4.064 GC heap before
{Heap before GC invocations=7 (full 1):
 PSYoungGen      total 139264K, used 7006K [0x00000000d5580000, 0x00000000de780000, 0x0000000100000000)
  eden space 130560K, 0% used [0x00000000d5580000,0x00000000d5580000,0x00000000dd500000)
  from space 8704K, 80% used [0x00000000dde00000,0x00000000de4d7918,0x00000000de680000)
  to   space 9216K, 0% used [0x00000000dd500000,0x00000000dd500000,0x00000000dde00000)
 ParOldGen       total 86016K, used 4570K [0x0000000080000000, 0x0000000085400000, 0x00000000d5580000)
  object space 86016K, 5% used [0x0000000080000000,0x0000000080476bc0,0x0000000085400000)
 Metaspace       used 20725K, capacity 21008K, committed 21296K, reserved 1069056K
  class space    used 2297K, capacity 2404K, committed 2432K, reserved 1048576K
Event: 4.117 GC heap after
Heap after GC invocations=7 (full 1):
 PSYoungGen      total 139264K, used 0K [0x00000000d5580000, 0x00000000de780000, 0x0000000100000000)
  eden space 130560K, 0% used [0x00000000d5580000,0x00000000d5580000,0x00000000dd500000)
  from space 8704K, 0% used [0x00000000dde00000,0x00000000dde00000,0x00000000de680000)
  to   space 9216K, 0% used [0x00000000dd500000,0x00000000dd500000,0x00000000dde00000)
 ParOldGen       total 55296K, used 8851K [0x0000000080000000, 0x0000000083600000, 0x00000000d5580000)
  object space 55296K, 16% used [0x0000000080000000,0x00000000808a4e40,0x0000000083600000)
 Metaspace       used 20725K, capacity 21008K, committed 21296K, reserved 1069056K
  class space    used 2297K, capacity 2404K, committed 2432K, reserved 1048576K
}
Event: 5.530 GC heap before
{Heap before GC invocations=8 (full 1):
 PSYoungGen      total 139264K, used 130560K [0x00000000d5580000, 0x00000000de780000, 0x0000000100000000)
  eden space 130560K, 100% used [0x00000000d5580000,0x00000000dd500000,0x00000000dd500000)
  from space 8704K, 0% used [0x00000000dde00000,0x00000000dde00000,0x00000000de680000)
  to   space 9216K, 0% used [0x00000000dd500000,0x00000000dd500000,0x00000000dde00000)
 ParOldGen       total 55296K, used 8851K [0x0000000080000000, 0x0000000083600000, 0x00000000d5580000)
  object space 55296K, 16% used [0x0000000080000000,0x00000000808a4e40,0x0000000083600000)
 Metaspace       used 22891K, capacity 23246K, committed 23680K, reserved 1071104K
  class space    used 2514K, capacity 2654K, committed 2688K, reserved 1048576K
Event: 5.562 GC heap after
Heap after GC invocations=8 (full 1):
 PSYoungGen      total 139776K, used 3402K [0x00000000d5580000, 0x00000000e3c80000, 0x0000000100000000)
  eden space 130560K, 0% used [0x00000000d5580000,0x00000000d5580000,0x00000000dd500000)
  from space 9216K, 36% used [0x00000000dd500000,0x00000000dd852b38,0x00000000dde00000)
  to   space 9216K, 0% used [0x00000000e3380000,0x00000000e3380000,0x00000000e3c80000)
 ParOldGen       total 55296K, used 8859K [0x0000000080000000, 0x0000000083600000, 0x00000000d5580000)
  object space 55296K, 16% used [0x0000000080000000,0x00000000808a6e40,0x0000000083600000)
 Metaspace       used 22891K, capacity 23246K, committed 23680K, reserved 1071104K
  class space    used 2514K, capacity 2654K, committed 2688K, reserved 1048576K
}
Event: 7.014 GC heap before
{Heap before GC invocations=9 (full 1):
 PSYoungGen      total 139776K, used 133962K [0x00000000d5580000, 0x00000000e3c80000, 0x0000000100000000)
  eden space 130560K, 100% used [0x00000000d5580000,0x00000000dd500000,0x00000000dd500000)
  from space 9216K, 36% used [0x00000000dd500000,0x00000000dd852b38,0x00000000dde00000)
  to   space 9216K, 0% used [0x00000000e3380000,0x00000000e3380000,0x00000000e3c80000)
 ParOldGen       total 55296K, used 8859K [0x0000000080000000, 0x0000000083600000, 0x00000000d5580000)
  object space 55296K, 16% used [0x0000000080000000,0x00000000808a6e40,0x0000000083600000)
 Metaspace       used 23377K, capacity 23792K, committed 24064K, reserved 1071104K
  class space    used 2573K, capacity 2728K, committed 2816K, reserved 1048576K
Event: 7.033 GC heap after
Heap after GC invocations=9 (full 1):
 PSYoungGen      total 220672K, used 6656K [0x00000000d5580000, 0x00000000e3a00000, 0x0000000100000000)
  eden space 214016K, 0% used [0x00000000d5580000,0x00000000d5580000,0x00000000e2680000)
  from space 6656K, 100% used [0x00000000e3380000,0x00000000e3a00000,0x00000000e3a00000)
  to   space 9216K, 0% used [0x00000000e2800000,0x00000000e2800000,0x00000000e3100000)
 ParOldGen       total 55296K, used 8859K [0x0000000080000000, 0x0000000083600000, 0x00000000d5580000)
  object space 55296K, 16% used [0x0000000080000000,0x00000000808a6e40,0x0000000083600000)
 Metaspace       used 23377K, capacity 23792K, committed 24064K, reserved 1071104K
  class space    used 2573K, capacity 2728K, committed 2816K, reserved 1048576K
}
Event: 13.880 GC heap before
{Heap before GC invocations=10 (full 1):
 PSYoungGen      total 220672K, used 220672K [0x00000000d5580000, 0x00000000e3a00000, 0x0000000100000000)
  eden space 214016K, 100% used [0x00000000d5580000,0x00000000e2680000,0x00000000e2680000)
  from space 6656K, 100% used [0x00000000e3380000,0x00000000e3a00000,0x00000000e3a00000)
  to   space 9216K, 0% used [0x00000000e2800000,0x00000000e2800000,0x00000000e3100000)
 ParOldGen       total 55296K, used 8859K [0x0000000080000000, 0x0000000083600000, 0x00000000d5580000)
  object space 55296K, 16% used [0x0000000080000000,0x00000000808a6e40,0x0000000083600000)
 Metaspace       used 30873K, capacity 31790K, committed 32128K, reserved 1077248K
  class space    used 3630K, capacity 3885K, committed 3968K, reserved 1048576K
Event: 13.905 GC heap after
Heap after GC invocations=10 (full 1):
 PSYoungGen      total 224768K, used 9212K [0x00000000d5580000, 0x00000000e8880000, 0x0000000100000000)
  eden space 215552K, 0% used [0x00000000d5580000,0x00000000d5580000,0x00000000e2800000)
  from space 9216K, 99% used [0x00000000e2800000,0x00000000e30ff078,0x00000000e3100000)
  to   space 12800K, 0% used [0x00000000e7c00000,0x00000000e7c00000,0x00000000e8880000)
 ParOldGen       total 55296K, used 14266K [0x0000000080000000, 0x0000000083600000, 0x00000000d5580000)
  object space 55296K, 25% used [0x0000000080000000,0x0000000080dee910,0x0000000083600000)
 Metaspace       used 30873K, capacity 31790K, committed 32128K, reserved 1077248K
  class space    used 3630K, capacity 3885K, committed 3968K, reserved 1048576K
}
Event: 26.547 GC heap before
{Heap before GC invocations=11 (full 1):
 PSYoungGen      total 224768K, used 224764K [0x00000000d5580000, 0x00000000e8880000, 0x0000000100000000)
  eden space 215552K, 100% used [0x00000000d5580000,0x00000000e2800000,0x00000000e2800000)
  from space 9216K, 99% used [0x00000000e2800000,0x00000000e30ff078,0x00000000e3100000)
  to   space 12800K, 0% used [0x00000000e7c00000,0x00000000e7c00000,0x00000000e8880000)
 ParOldGen       total 55296K, used 14266K [0x0000000080000000, 0x0000000083600000, 0x00000000d5580000)
  object space 55296K, 25% used [0x0000000080000000,0x0000000080dee910,0x0000000083600000)
 Metaspace       used 32259K, capacity 33340K, committed 33536K, reserved 1079296K
  class space    used 3789K, capacity 4075K, committed 4096K, reserved 1048576K
Event: 26.567 GC heap after
Heap after GC invocations=11 (full 1):
 PSYoungGen      total 288768K, used 5890K [0x00000000d5580000, 0x00000000e8200000, 0x0000000100000000)
  eden space 282624K, 0% used [0x00000000d5580000,0x00000000d5580000,0x00000000e6980000)
  from space 6144K, 95% used [0x00000000e7c00000,0x00000000e81c0a10,0x00000000e8200000)
  to   space 12288K, 0% used [0x00000000e6a00000,0x00000000e6a00000,0x00000000e7600000)
 ParOldGen       total 55296K, used 19737K [0x0000000080000000, 0x0000000083600000, 0x00000000d5580000)
  object space 55296K, 35% used [0x0000000080000000,0x0000000081346640,0x0000000083600000)
 Metaspace       used 32259K, capacity 33340K, committed 33536K, reserved 1079296K
  class space    used 3789K, capacity 4075K, committed 4096K, reserved 1048576K
}

