# JRE version: OpenJDK Runtime Environment (Zulu 8.68.0.21-CA-win64) (8.0_362-b09) (build 1.8.0_362-b09)
# Java VM: OpenJDK 64-Bit Server VM (25.362-b09 mixed mode windows-amd64 compressed oops)
Heap:
 PSYoungGen      total 202240K, used 120730K [0x00000000d5580000, 0x00000000e2a80000, 0x0000000100000000)
  eden space 196608K, 60% used [0x00000000d5580000,0x00000000dca26ba0,0x00000000e1580000)
  from space 5632K, 22% used [0x00000000e2500000,0x00000000e2640000,0x00000000e2a80000)
  to   space 10752K, 0% used [0x00000000e1580000,0x00000000e1580000,0x00000000e2000000)
 ParOldGen       total 53760K, used 17987K [0x0000000080000000, 0x0000000083480000, 0x00000000d5580000)
  object space 53760K, 33% used [0x0000000080000000,0x0000000081190d50,0x0000000083480000)
 Metaspace       used 32840K, capacity 33952K, committed 34176K, reserved 1079296K
  class space    used 3833K, capacity 4160K, committed 4224K, reserved 1048576K
GC Heap History (10 events):
Event: 5.982 GC heap before
{Heap before GC invocations=9 (full 1):
 PSYoungGen      total 72704K, used 65698K [0x00000000d5580000, 0x00000000dd380000, 0x0000000100000000)
  eden space 63488K, 100% used [0x00000000d5580000,0x00000000d9380000,0x00000000d9380000)
  from space 9216K, 23% used [0x00000000d9380000,0x00000000d95a8a70,0x00000000d9c80000)
  to   space 9728K, 0% used [0x00000000dca00000,0x00000000dca00000,0x00000000dd380000)
 ParOldGen       total 53760K, used 8174K [0x0000000080000000, 0x0000000083480000, 0x00000000d5580000)
  object space 53760K, 15% used [0x0000000080000000,0x00000000807fba08,0x0000000083480000)
 Metaspace       used 22918K, capacity 23246K, committed 23680K, reserved 1071104K
  class space    used 2514K, capacity 2654K, committed 2688K, reserved 1048576K
Event: 5.984 GC heap after
Heap after GC invocations=9 (full 1):
 PSYoungGen      total 113152K, used 2594K [0x00000000d5580000, 0x00000000dd080000, 0x0000000100000000)
  eden space 106496K, 0% used [0x00000000d5580000,0x00000000d5580000,0x00000000dbd80000)
  from space 6656K, 38% used [0x00000000dca00000,0x00000000dcc88b78,0x00000000dd080000)
  to   space 9728K, 0% used [0x00000000dbd80000,0x00000000dbd80000,0x00000000dc700000)
 ParOldGen       total 53760K, used 8182K [0x0000000080000000, 0x0000000083480000, 0x00000000d5580000)
  object space 53760K, 15% used [0x0000000080000000,0x00000000807fda08,0x0000000083480000)
 Metaspace       used 22918K, capacity 23246K, committed 23680K, reserved 1071104K
  class space    used 2514K, capacity 2654K, committed 2688K, reserved 1048576K
}
Event: 6.593 GC heap before
{Heap before GC invocations=10 (full 1):
 PSYoungGen      total 113152K, used 109090K [0x00000000d5580000, 0x00000000dd080000, 0x0000000100000000)
  eden space 106496K, 100% used [0x00000000d5580000,0x00000000dbd80000,0x00000000dbd80000)
  from space 6656K, 38% used [0x00000000dca00000,0x00000000dcc88b78,0x00000000dd080000)
  to   space 9728K, 0% used [0x00000000dbd80000,0x00000000dbd80000,0x00000000dc700000)
 ParOldGen       total 53760K, used 8182K [0x0000000080000000, 0x0000000083480000, 0x00000000d5580000)
  object space 53760K, 15% used [0x0000000080000000,0x00000000807fda08,0x0000000083480000)
 Metaspace       used 23385K, capacity 23792K, committed 24064K, reserved 1071104K
  class space    used 2573K, capacity 2728K, committed 2816K, reserved 1048576K
Event: 6.607 GC heap after
Heap after GC invocations=10 (full 1):
 PSYoungGen      total 116224K, used 6448K [0x00000000d5580000, 0x00000000dfb80000, 0x0000000100000000)
  eden space 106496K, 0% used [0x00000000d5580000,0x00000000d5580000,0x00000000dbd80000)
  from space 9728K, 66% used [0x00000000dbd80000,0x00000000dc3cc010,0x00000000dc700000)
  to   space 9728K, 0% used [0x00000000df200000,0x00000000df200000,0x00000000dfb80000)
 ParOldGen       total 53760K, used 8190K [0x0000000080000000, 0x0000000083480000, 0x00000000d5580000)
  object space 53760K, 15% used [0x0000000080000000,0x00000000807ffa08,0x0000000083480000)
 Metaspace       used 23385K, capacity 23792K, committed 24064K, reserved 1071104K
  class space    used 2573K, capacity 2728K, committed 2816K, reserved 1048576K
}
Event: 7.731 GC heap before
{Heap before GC invocations=11 (full 1):
 PSYoungGen      total 116224K, used 112944K [0x00000000d5580000, 0x00000000dfb80000, 0x0000000100000000)
  eden space 106496K, 100% used [0x00000000d5580000,0x00000000dbd80000,0x00000000dbd80000)
  from space 9728K, 66% used [0x00000000dbd80000,0x00000000dc3cc010,0x00000000dc700000)
  to   space 9728K, 0% used [0x00000000df200000,0x00000000df200000,0x00000000dfb80000)
 ParOldGen       total 53760K, used 8190K [0x0000000080000000, 0x0000000083480000, 0x00000000d5580000)
  object space 53760K, 15% used [0x0000000080000000,0x00000000807ffa08,0x0000000083480000)
 Metaspace       used 23571K, capacity 23994K, committed 24320K, reserved 1071104K
  class space    used 2574K, capacity 2730K, committed 2816K, reserved 1048576K
Event: 7.741 GC heap after
Heap after GC invocations=11 (full 1):
 PSYoungGen      total 156160K, used 4288K [0x00000000d5580000, 0x00000000df980000, 0x0000000100000000)
  eden space 148480K, 0% used [0x00000000d5580000,0x00000000d5580000,0x00000000de680000)
  from space 7680K, 55% used [0x00000000df200000,0x00000000df630000,0x00000000df980000)
  to   space 9728K, 0% used [0x00000000de680000,0x00000000de680000,0x00000000df000000)
 ParOldGen       total 53760K, used 10342K [0x0000000080000000, 0x0000000083480000, 0x00000000d5580000)
  object space 53760K, 19% used [0x0000000080000000,0x0000000080a19a88,0x0000000083480000)
 Metaspace       used 23571K, capacity 23994K, committed 24320K, reserved 1071104K
  class space    used 2574K, capacity 2730K, committed 2816K, reserved 1048576K
}
Event: 16.637 GC heap before
{Heap before GC invocations=12 (full 1):
 PSYoungGen      total 156160K, used 152768K [0x00000000d5580000, 0x00000000df980000, 0x0000000100000000)
  eden space 148480K, 100% used [0x00000000d5580000,0x00000000de680000,0x00000000de680000)
  from space 7680K, 55% used [0x00000000df200000,0x00000000df630000,0x00000000df980000)
  to   space 9728K, 0% used [0x00000000de680000,0x00000000de680000,0x00000000df000000)
 ParOldGen       total 53760K, used 10342K [0x0000000080000000, 0x0000000083480000, 0x00000000d5580000)
  object space 53760K, 19% used [0x0000000080000000,0x0000000080a19a88,0x0000000083480000)
 Metaspace       used 31546K, capacity 32512K, committed 32768K, reserved 1077248K
  class space    used 3705K, capacity 3969K, committed 4096K, reserved 1048576K
Event: 16.654 GC heap after
Heap after GC invocations=12 (full 1):
 PSYoungGen      total 158208K, used 8793K [0x00000000d5580000, 0x00000000e2f80000, 0x0000000100000000)
  eden space 148480K, 0% used [0x00000000d5580000,0x00000000d5580000,0x00000000de680000)
  from space 9728K, 90% used [0x00000000de680000,0x00000000def16548,0x00000000df000000)
  to   space 10752K, 0% used [0x00000000e2500000,0x00000000e2500000,0x00000000e2f80000)
 ParOldGen       total 53760K, used 14449K [0x0000000080000000, 0x0000000083480000, 0x00000000d5580000)
  object space 53760K, 26% used [0x0000000080000000,0x0000000080e1c6e0,0x0000000083480000)
 Metaspace       used 31546K, capacity 32512K, committed 32768K, reserved 1077248K
  class space    used 3705K, capacity 3969K, committed 4096K, reserved 1048576K
}
Event: 24.464 GC heap before
{Heap before GC invocations=13 (full 1):
 PSYoungGen      total 158208K, used 157273K [0x00000000d5580000, 0x00000000e2f80000, 0x0000000100000000)
  eden space 148480K, 100% used [0x00000000d5580000,0x00000000de680000,0x00000000de680000)
  from space 9728K, 90% used [0x00000000de680000,0x00000000def16548,0x00000000df000000)
  to   space 10752K, 0% used [0x00000000e2500000,0x00000000e2500000,0x00000000e2f80000)
 ParOldGen       total 53760K, used 14449K [0x0000000080000000, 0x0000000083480000, 0x00000000d5580000)
  object space 53760K, 26% used [0x0000000080000000,0x0000000080e1c6e0,0x0000000083480000)
 Metaspace       used 31928K, capacity 32970K, committed 33280K, reserved 1079296K
  class space    used 3746K, capacity 4017K, committed 4096K, reserved 1048576K
Event: 24.481 GC heap after
Heap after GC invocations=13 (full 1):
 PSYoungGen      total 202240K, used 1280K [0x00000000d5580000, 0x00000000e2a80000, 0x0000000100000000)
  eden space 196608K, 0% used [0x00000000d5580000,0x00000000d5580000,0x00000000e1580000)
  from space 5632K, 22% used [0x00000000e2500000,0x00000000e2640000,0x00000000e2a80000)
  to   space 10752K, 0% used [0x00000000e1580000,0x00000000e1580000,0x00000000e2000000)
 ParOldGen       total 53760K, used 17987K [0x0000000080000000, 0x0000000083480000, 0x00000000d5580000)
  object space 53760K, 33% used [0x0000000080000000,0x0000000081190d50,0x0000000083480000)
 Metaspace       used 31928K, capacity 32970K, committed 33280K, reserved 1079296K
  class space    used 3746K, capacity 4017K, committed 4096K, reserved 1048576K
}

